<?xml version="1.0" encoding="UTF-8"?><testsuite errors="0" failures="0" name="com.bestbuy.testsuite.CRUDTest" skipped="0" tests="4" time="7.19" timestamp="2023-01-03T21:47:27.748Z[Europe/London]"><testcase classname="com.bestbuy.testsuite.CRUDTest" name="Creating product"/><testcase classname="com.bestbuy.testsuite.CRUDTest" name="Get single product"/><testcase classname="com.bestbuy.testsuite.CRUDTest" name="update product"/><testcase classname="com.bestbuy.testsuite.CRUDTest" name="Delete the product and verify if the product is deleted!"/></testsuite>