<?xml version="1.0" encoding="UTF-8"?><testsuite errors="0" failures="0" name="com.bestbuy.testsuite.CRUDTestStores" skipped="0" tests="4" time="0.41" timestamp="2023-01-03T21:47:37.261Z[Europe/London]"><testcase classname="com.bestbuy.testsuite.CRUDTestStores" name="Creating stores"/><testcase classname="com.bestbuy.testsuite.CRUDTestStores" name="Get store"/><testcase classname="com.bestbuy.testsuite.CRUDTestStores" name="Update store"/><testcase classname="com.bestbuy.testsuite.CRUDTestStores" name="Delete the store and verify if the store is deleted!"/></testsuite>